<?xml version="1.0" encoding="UTF-8"?>
<testsuite name="TestingClass" tests="1" skipped="0" failures="0" errors="0" timestamp="2023-05-12T10:02:19" hostname="DESKTOP-L4ASFB0" time="0.002">
  <properties/>
  <testcase name="testFake1" classname="TestingClass" time="0.002"/>
  <system-out><![CDATA[]]></system-out>
  <system-err><![CDATA[]]></system-err>
</testsuite>
